<?xml version="1.0" encoding="UTF-8"?>
<!-- Generated by org.testng.reporters.JUnitReportReporter -->
<testsuite skipped="0" hostname="Kotesh-PC" name="Job1" tests="1" failures="0" timestamp="13 Sep 2018 12:37:38 GMT" time="8.381" errors="0">
  <testcase name="invoke" time="8.381" classname="Job1"/>
</testsuite> <!-- Job1 -->
